<?xml version="1.0" encoding="UTF-8"?>
<testng-results skipped="0" failed="0" ignored="0" total="1" passed="1">
  <reporter-output>
  </reporter-output>
  <suite name="Default suite" duration-ms="5020" started-at="2020-03-19T21:55:10 EDT" finished-at="2020-03-19T21:55:15 EDT">
    <groups>
    </groups>
    <test name="Default test" duration-ms="5020" started-at="2020-03-19T21:55:10 EDT" finished-at="2020-03-19T21:55:15 EDT">
      <class name="apiTesting.GetRequest">
        <test-method status="PASS" signature="getCall()[pri:0, instance:apiTesting.GetRequest@1dfe2924]" name="getCall" duration-ms="4955" started-at="2020-03-19T21:55:10 EDT" finished-at="2020-03-19T21:55:15 EDT">
          <reporter-output>
          </reporter-output>
        </test-method> <!-- getCall -->
      </class> <!-- apiTesting.GetRequest -->
    </test> <!-- Default test -->
  </suite> <!-- Default suite -->
</testng-results>
